<?xml version="1.0" encoding="UTF-8"?>
<!-- Generated by org.testng.reporters.JUnitXMLReporter -->
<testsuite hostname="DESKTOP-LSKACAV" ignored="0" name="Login Test" tests="3" failures="0" timestamp="2022-12-13T20:37:34 GMT" time="22.481" errors="0">
  <testcase name="UserShouldLoginSuccessfullyWithValidCredentials" time="0.789" classname="login.com.herokuapp.testsuite.LoginPageTest"/>
  <testcase name="verifyThePasswordErrorMessage" time="0.686" classname="login.com.herokuapp.testsuite.LoginPageTest"/>
  <testcase name="verifyTheUsernameErrorMessage" time="0.733" classname="login.com.herokuapp.testsuite.LoginPageTest"/>
</testsuite> <!-- Login Test -->
