<?xml version="1.0" encoding="UTF-8"?>
<!-- Generated by org.testng.reporters.JUnitXMLReporter -->
<testsuite hostname="DESKTOP-LSKACAV" ignored="2" name="Login Test" tests="1" failures="0" timestamp="2022-12-12T00:01:20 GMT" time="7.461" errors="0">
  <testcase name="verifyTheUsernameErrorMessage" time="0.612" classname="login.com.herokuapp.testsuite.LoginPageTest"/>
  <testcase name="UserShouldLoginSuccessfullyWithValidCredentials" time="0.0" classname="login.com.herokuapp.testsuite.LoginPageTest">
    <ignored/>
  </testcase> <!-- UserShouldLoginSuccessfullyWithValidCredentials -->
  <testcase name="verifyThePasswordErrorMessage" time="0.0" classname="login.com.herokuapp.testsuite.LoginPageTest">
    <ignored/>
  </testcase> <!-- verifyThePasswordErrorMessage -->
</testsuite> <!-- Login Test -->
