<?xml version="1.0" encoding="UTF-8"?>
<!-- Generated by org.testng.reporters.JUnitXMLReporter -->
<testsuite hostname="DESKTOP-LSKACAV" ignored="2" name="Smoke Test" tests="1" failures="0" timestamp="2022-12-13T20:36:11 GMT" time="9.311" errors="0">
  <testcase name="verifyTheUsernameErrorMessage" time="0.706" classname="login.com.herokuapp.testsuite.LoginPageTest"/>
  <testcase name="UserShouldLoginSuccessfullyWithValidCredentials" time="0.0" classname="login.com.herokuapp.testsuite.LoginPageTest">
    <ignored/>
  </testcase> <!-- UserShouldLoginSuccessfullyWithValidCredentials -->
  <testcase name="verifyThePasswordErrorMessage" time="0.0" classname="login.com.herokuapp.testsuite.LoginPageTest">
    <ignored/>
  </testcase> <!-- verifyThePasswordErrorMessage -->
</testsuite> <!-- Smoke Test -->
