<?xml version="1.0" encoding="UTF-8"?>
<!-- Generated by org.testng.reporters.JUnitXMLReporter -->
<testsuite hostname="DESKTOP-LSKACAV" ignored="2" name="testng-week15-herokuapp-naresh" tests="1" failures="0" timestamp="2022-12-11T20:10:42 GMT" time="8.916" errors="0">
  <testcase name="UserShouldLoginSuccessfullyWithValidCredentials" time="0.933" classname="login.com.herokuapp.testsuite.LoginPageTest"/>
  <testcase name="verifyThePasswordErrorMessage" time="0.0" classname="login.com.herokuapp.testsuite.LoginPageTest">
    <ignored/>
  </testcase> <!-- verifyThePasswordErrorMessage -->
  <testcase name="verifyTheUsernameErrorMessage" time="0.0" classname="login.com.herokuapp.testsuite.LoginPageTest">
    <ignored/>
  </testcase> <!-- verifyTheUsernameErrorMessage -->
</testsuite> <!-- testng-week15-herokuapp-naresh -->
