<?xml version="1.0" encoding="UTF-8"?>
<testsuite name="Login Test"
           tests="3"
           failures="0"
           errors="0"
           skipped="0"
           time="2.208">
  <properties />
  
  
            <testcase name="verifyThePasswordErrorMessage" time="0.686" classname="login.com.herokuapp.testsuite.LoginPageTest" />
                <testcase name="UserShouldLoginSuccessfullyWithValidCredentials" time="0.789" classname="login.com.herokuapp.testsuite.LoginPageTest" />
                <testcase name="verifyTheUsernameErrorMessage" time="0.733" classname="login.com.herokuapp.testsuite.LoginPageTest" />
      
</testsuite>
