<?xml version="1.0" encoding="UTF-8"?>
<!-- Generated by org.testng.reporters.JUnitXMLReporter -->
<testsuite hostname="DESKTOP-LSKACAV" ignored="2" name="Sanity Test" tests="1" failures="0" timestamp="2022-12-13T20:35:05 GMT" time="12.908" errors="0">
  <testcase name="UserShouldLoginSuccessfullyWithValidCredentials" time="1.366" classname="login.com.herokuapp.testsuite.LoginPageTest"/>
  <testcase name="verifyTheUsernameErrorMessage" time="0.0" classname="login.com.herokuapp.testsuite.LoginPageTest">
    <ignored/>
  </testcase> <!-- verifyTheUsernameErrorMessage -->
  <testcase name="verifyThePasswordErrorMessage" time="0.0" classname="login.com.herokuapp.testsuite.LoginPageTest">
    <ignored/>
  </testcase> <!-- verifyThePasswordErrorMessage -->
</testsuite> <!-- Sanity Test -->
